0 info it worked if it ends with ok
1 verbose cli [ '/usr/local/bin/node',
1 verbose cli   '/usr/local/bin/npm',
1 verbose cli   'install',
1 verbose cli   'npm',
1 verbose cli   '-g' ]
2 info using npm@2.14.4
3 info using node@v4.1.2
4 verbose install initial load of /usr/local/lib/package.json
5 verbose readDependencies loading dependencies from /usr/local/lib/package.json
6 silly cache add args [ 'npm', null ]
7 verbose cache add spec npm
8 silly cache add parsed spec Result {
8 silly cache add   raw: 'npm',
8 silly cache add   scope: null,
8 silly cache add   name: 'npm',
8 silly cache add   rawSpec: '',
8 silly cache add   spec: '*',
8 silly cache add   type: 'range' }
9 silly addNamed npm@*
10 verbose addNamed "*" is a valid semver range for npm
11 silly addNameRange { name: 'npm', range: '*', hasData: false }
12 silly mapToRegistry name npm
13 silly mapToRegistry using default registry
14 silly mapToRegistry registry https://registry.npmjs.org/
15 silly mapToRegistry uri https://registry.npmjs.org/npm
16 verbose addNameRange registry:https://registry.npmjs.org/npm not in flight; fetching
17 verbose request uri https://registry.npmjs.org/npm
18 verbose request no auth needed
19 info attempt registry request try #1 at 3:57:18 PM
20 verbose request id cf9ade9c7f6ef484
21 http request GET https://registry.npmjs.org/npm
22 info retry will retry, error on last attempt: Error: connect ECONNREFUSED 23.235.46.162:443
23 info attempt registry request try #2 at 3:57:28 PM
24 http request GET https://registry.npmjs.org/npm
25 info retry will retry, error on last attempt: Error: connect ECONNREFUSED 23.235.46.162:443
26 info attempt registry request try #3 at 3:58:28 PM
27 http request GET https://registry.npmjs.org/npm
28 verbose stack Error: connect ECONNREFUSED 199.27.76.162:443
28 verbose stack     at Object.exports._errnoException (util.js:849:11)
28 verbose stack     at exports._exceptionWithHostPort (util.js:872:20)
28 verbose stack     at TCPConnectWrap.afterConnect [as oncomplete] (net.js:1060:14)
29 verbose cwd /Users/jeaton/Documents/create/cyprus/cypress_v3_christen
30 error Darwin 14.5.0
31 error argv "/usr/local/bin/node" "/usr/local/bin/npm" "install" "npm" "-g"
32 error node v4.1.2
33 error npm  v2.14.4
34 error code ECONNREFUSED
35 error errno ECONNREFUSED
36 error syscall connect
37 error Error: connect ECONNREFUSED 199.27.76.162:443
37 error     at Object.exports._errnoException (util.js:849:11)
37 error     at exports._exceptionWithHostPort (util.js:872:20)
37 error     at TCPConnectWrap.afterConnect [as oncomplete] (net.js:1060:14)
37 error  { [Error: connect ECONNREFUSED 199.27.76.162:443]
37 error   code: 'ECONNREFUSED',
37 error   errno: 'ECONNREFUSED',
37 error   syscall: 'connect',
37 error   address: '199.27.76.162',
37 error   port: 443 }
38 error If you are behind a proxy, please make sure that the
38 error 'proxy' config is set properly.  See: 'npm help config'
39 verbose exit [ 1, true ]
